dragSortListviewDemo/build/outputs/logs/manifest-merger-debug-report.txt
-- Merging decision tree log ---
manifest
ADDED from src/main/AndroidManifest.xml:2:1-36:12
INJECTED from src/main/AndroidManifest.xml:2:1-36:12
INJECTED from src/main/AndroidManifest.xml:2:1-36:12
INJECTED from src/main/AndroidManifest.xml:2:1-36:12
MERGED from [:dragSortListview] AndroidManifest.xml:2:1-11:12
MERGED from [com.android.support:support-v4:22.1.1] AndroidManifest.xml:17:1-24:12
INJECTED from src/main/AndroidManifest.xml:2:1-36:12
INJECTED from src/main/AndroidManifest.xml:2:1-36:12
INJECTED from src/main/AndroidManifest.xml:2:1-36:12
	package
		ADDED from src/main/AndroidManifest.xml:3:7-44
		INJECTED from src/main/AndroidManifest.xml
		INJECTED from src/main/AndroidManifest.xml
	android:versionName
		ADDED from src/main/AndroidManifest.xml:5:7-34
		INJECTED from src/main/AndroidManifest.xml
		INJECTED from src/main/AndroidManifest.xml
	xmlns:android
		ADDED from src/main/AndroidManifest.xml:2:11-69
	android:versionCode
		ADDED from src/main/AndroidManifest.xml:4:7-30
		INJECTED from src/main/AndroidManifest.xml
		INJECTED from src/main/AndroidManifest.xml
uses-sdk
ADDED from src/main/AndroidManifest.xml:6:5-7:39
INJECTED from src/main/AndroidManifest.xml:6:5-7:39
INJECTED from src/main/AndroidManifest.xml:6:5-7:39
MERGED from [:dragSortListview] AndroidManifest.xml:7:5-9:41
MERGED from [:dragSortListview] AndroidManifest.xml:7:5-9:41
MERGED from [com.android.support:support-v4:22.1.1] AndroidManifest.xml:20:5-43
MERGED from [com.android.support:support-v4:22.1.1] AndroidManifest.xml:20:5-43
INJECTED from src/main/AndroidManifest.xml:6:5-7:39
INJECTED from src/main/AndroidManifest.xml:6:5-7:39
	android:targetSdkVersion
		ADDED from src/main/AndroidManifest.xml:7:7-36
		INJECTED from src/main/AndroidManifest.xml
		INJECTED from src/main/AndroidManifest.xml
	android:minSdkVersion
		ADDED from src/main/AndroidManifest.xml:6:15-40
		INJECTED from src/main/AndroidManifest.xml
		INJECTED from src/main/AndroidManifest.xml
uses-permission#android.permission.WRITE_EXTERNAL_STORAGE
ADDED from src/main/AndroidManifest.xml:8:5-81
	android:name
		ADDED from src/main/AndroidManifest.xml:8:22-78
application
ADDED from src/main/AndroidManifest.xml:9:5-35:19
MERGED from [com.android.support:support-v4:22.1.1] AndroidManifest.xml:22:5-20
MERGED from [com.android.support:support-v4:22.1.1] AndroidManifest.xml:22:5-20
	android:label
		ADDED from src/main/AndroidManifest.xml:9:18-50
	android:icon
		ADDED from src/main/AndroidManifest.xml:10:13-51
activity#com.mobeta.android.demodslv.Launcher
ADDED from src/main/AndroidManifest.xml:11:9-18:20
	android:label
		ADDED from src/main/AndroidManifest.xml:13:19-51
	android:icon
		ADDED from src/main/AndroidManifest.xml:12:19-57
	android:name
		ADDED from src/main/AndroidManifest.xml:11:19-42
intent-filter#action:name:android.intent.action.MAIN+category:name:android.intent.category.LAUNCHER
ADDED from src/main/AndroidManifest.xml:14:13-17:29
action#android.intent.action.MAIN
ADDED from src/main/AndroidManifest.xml:15:17-69
	android:name
		ADDED from src/main/AndroidManifest.xml:15:25-66
category#android.intent.category.LAUNCHER
ADDED from src/main/AndroidManifest.xml:16:17-77
	android:name
		ADDED from src/main/AndroidManifest.xml:16:27-74
activity#com.mobeta.android.demodslv.TestBedDSLV
ADDED from src/main/AndroidManifest.xml:19:9-20:49
	android:label
		ADDED from src/main/AndroidManifest.xml:20:19-46
	android:name
		ADDED from src/main/AndroidManifest.xml:19:19-45
activity#com.mobeta.android.demodslv.ArbItemSizeDSLV
ADDED from src/main/AndroidManifest.xml:21:9-22:60
	android:label
		ADDED from src/main/AndroidManifest.xml:22:19-57
	android:name
		ADDED from src/main/AndroidManifest.xml:21:19-49
activity#com.mobeta.android.demodslv.WarpDSLV
ADDED from src/main/AndroidManifest.xml:23:9-24:42
	android:label
		ADDED from src/main/AndroidManifest.xml:24:19-39
	android:name
		ADDED from src/main/AndroidManifest.xml:23:19-42
activity#com.mobeta.android.demodslv.BGHandle
ADDED from src/main/AndroidManifest.xml:25:9-26:55
	android:label
		ADDED from src/main/AndroidManifest.xml:26:19-52
	android:name
		ADDED from src/main/AndroidManifest.xml:25:19-42
activity#com.mobeta.android.demodslv.Sections
ADDED from src/main/AndroidManifest.xml:27:9-28:46
	android:label
		ADDED from src/main/AndroidManifest.xml:28:19-43
	android:name
		ADDED from src/main/AndroidManifest.xml:27:19-42
activity#com.mobeta.android.demodslv.CursorDSLV
ADDED from src/main/AndroidManifest.xml:29:9-30:51
	android:label
		ADDED from src/main/AndroidManifest.xml:30:19-48
	android:name
		ADDED from src/main/AndroidManifest.xml:29:19-44
activity#com.mobeta.android.demodslv.MultipleChoiceListView
ADDED from src/main/AndroidManifest.xml:31:9-32:55
	android:label
		ADDED from src/main/AndroidManifest.xml:32:19-52
	android:name
		ADDED from src/main/AndroidManifest.xml:31:19-56
activity#com.mobeta.android.demodslv.SingleChoiceListView
ADDED from src/main/AndroidManifest.xml:33:9-34:56
	android:label
		ADDED from src/main/AndroidManifest.xml:34:19-53
	android:name
		ADDED from src/main/AndroidManifest.xml:33:19-54